<?xml version="1.0" encoding="UTF-8"?>
<!-- Generated by org.testng.reporters.JUnitReportReporter -->
<testsuite skipped="0" hostname="DESKTOP-V298B6A" name="com.test.testng.examples.DependencyExample" tests="3" failures="0" timestamp="12 Jan 2019 16:08:30 GMT" time="23.312" errors="0">
  <testcase name="closeApplication" time="2.790" classname="com.test.testng.examples.DependencyExample"/>
  <testcase name="openApplication" time="10.894" classname="com.test.testng.examples.DependencyExample"/>
  <testcase name="searchCruise" time="9.628" classname="com.test.testng.examples.DependencyExample"/>
</testsuite> <!-- com.test.testng.examples.DependencyExample -->
