<?xml version="1.0" encoding="UTF-8"?>
<!-- Generated by org.testng.reporters.JUnitReportReporter -->
<testsuite skipped="0" hostname="DESKTOP-V298B6A" name="com.test.testng.examples.GroupingCars" tests="2" failures="0" timestamp="06 Jan 2019 16:55:42 GMT" time="0.012" errors="0">
  <testcase name="Civic" time="0.001" classname="com.test.testng.examples.GroupingCars"/>
  <testcase name="Accord" time="0.011" classname="com.test.testng.examples.GroupingCars"/>
</testsuite> <!-- com.test.testng.examples.GroupingCars -->
