<?xml version="1.0" encoding="UTF-8"?>
<!-- Generated by org.testng.reporters.JUnitReportReporter -->
<testsuite skipped="0" hostname="DESKTOP-V298B6A" name="com.test.testng.examples.Demoaut" tests="1" failures="0" timestamp="06 Jan 2019 19:22:46 GMT" time="15.101" errors="0">
  <testcase name="RegisterUser" time="15.101" classname="com.test.testng.examples.Demoaut"/>
</testsuite> <!-- com.test.testng.examples.Demoaut -->
