<?xml version="1.0" encoding="UTF-8"?>
<!-- Generated by org.testng.reporters.JUnitReportReporter -->
<testsuite skipped="0" hostname="DESKTOP-V298B6A" name="com.test.testng.examples.Sample2" tests="2" failures="0" timestamp="05 Jan 2019 17:38:53 GMT" time="0.005" errors="0">
  <testcase name="f1" time="0.001" classname="com.test.testng.examples.Sample2"/>
  <testcase name="f" time="0.004" classname="com.test.testng.examples.Sample2"/>
</testsuite> <!-- com.test.testng.examples.Sample2 -->
