<?xml version="1.0" encoding="UTF-8"?>
<!-- Generated by org.testng.reporters.JUnitReportReporter -->
<testsuite skipped="0" hostname="DESKTOP-V298B6A" name="com.test.testng.examples.Sample_1" tests="1" failures="0" timestamp="05 Jan 2019 17:22:50 GMT" time="0.008" errors="0">
  <testcase name="f" time="0.008" classname="com.test.testng.examples.Sample_1"/>
</testsuite> <!-- com.test.testng.examples.Sample_1 -->
