<?xml version="1.0" encoding="UTF-8"?>
<!-- Generated by org.testng.reporters.JUnitReportReporter -->
<testsuite skipped="0" hostname="DESKTOP-V298B6A" name="com.test.testng.examples.Parameters_Demoaut" tests="2" failures="0" timestamp="12 Jan 2019 18:07:14 GMT" time="24.664" errors="0">
  <testcase name="demoLogin" time="12.599" classname="com.test.testng.examples.Parameters_Demoaut"/>
  <testcase name="demoLogin" time="12.065" classname="com.test.testng.examples.Parameters_Demoaut"/>
</testsuite> <!-- com.test.testng.examples.Parameters_Demoaut -->
