<?xml version="1.0" encoding="UTF-8"?>
<!-- Generated by org.testng.reporters.JUnitReportReporter -->
<testsuite skipped="0" hostname="DESKTOP-V298B6A" name="com.test.testng.examples.DependencyTest" tests="3" failures="0" timestamp="10 Jan 2019 03:00:03 GMT" time="14.147" errors="0">
  <testcase name="loginApplication" time="3.180" classname="com.test.testng.examples.DependencyTest"/>
  <testcase name="closeApplication" time="2.851" classname="com.test.testng.examples.DependencyTest"/>
  <testcase name="openApplication" time="8.116" classname="com.test.testng.examples.DependencyTest"/>
</testsuite> <!-- com.test.testng.examples.DependencyTest -->
