<?xml version="1.0" encoding="UTF-8"?>
<!-- Generated by org.testng.reporters.JUnitReportReporter -->
<testsuite skipped="0" hostname="DESKTOP-V298B6A" name="com.test.testng.examples.Expedia_select" tests="1" failures="0" timestamp="12 Jan 2019 15:00:47 GMT" time="16.581" errors="0">
  <testcase name="f" time="16.581" classname="com.test.testng.examples.Expedia_select"/>
</testsuite> <!-- com.test.testng.examples.Expedia_select -->
