<?xml version="1.0" encoding="UTF-8"?>
<!-- Generated by org.testng.reporters.JUnitReportReporter -->
<testsuite hostname="DESKTOP-UEE0PEA" failures="0" tests="3" name="Demo.TestNGPriorityDemo" time="0.009" errors="0" timestamp="2020-09-20T14:36:40 CDT" skipped="0">
  <testcase classname="Demo.TestNGPriorityDemo" name="test2" time="0.007"/>
  <system-out/>
  <testcase classname="Demo.TestNGPriorityDemo" name="test3" time="0.001"/>
  <system-out/>
  <testcase classname="Demo.TestNGPriorityDemo" name="test1" time="0.001"/>
  <system-out/>
</testsuite> <!-- Demo.TestNGPriorityDemo -->
